2025-05-12 02:18:43,699 - HandGestureSystem - INFO - Logging initialized
2025-05-12 02:18:43,699 - HandGestureSystem - INFO - Starting Hand Gesture Recognition System
2025-05-12 02:18:43,700 - HandGestureSystem - INFO - Starting diagnostic mode
2025-05-12 02:18:44,409 - HandGestureSystem - INFO - Camera resolution: 640.0x480.0
2025-05-12 02:18:44,779 - HandGestureSystem - INFO - MediaPipe test: Successful
2025-05-12 02:18:44,781 - HandGestureSystem - INFO - Average frame brightness: 101.53/255
2025-05-12 02:18:44,896 - HandGestureSystem - INFO - Frame preprocessing test: Successful
2025-05-12 02:18:44,898 - HandGestureSystem - INFO - Skin detection: 13.08% of frame identified as skin
2025-05-12 02:18:45,220 - HandGestureSystem - INFO - Diagnostic test completed
2025-05-12 02:18:55,623 - HandGestureSystem - INFO - Virtual mouse activated
2025-05-12 02:19:16,701 - HandGestureSystem - INFO - Mouse Down - Starting Drag
2025-05-12 02:19:51,136 - HandGestureSystem - INFO - Mouse Down - Starting Drag
2025-05-12 02:20:13,771 - HandGestureSystem - INFO - Click
2025-05-12 02:20:21,723 - HandGestureSystem - INFO - Mouse Down - Starting Drag
2025-05-12 02:20:33,491 - HandGestureSystem - INFO - Click
2025-05-12 02:21:39,047 - HandGestureSystem - INFO - Virtual mouse deactivated
2025-05-12 02:21:50,394 - HandGestureSystem - INFO - Virtual mouse activated
2025-05-12 02:22:03,959 - HandGestureSystem - INFO - Mouse Down - Starting Drag
2025-05-12 02:22:08,228 - HandGestureSystem - INFO - Click
2025-05-12 02:22:19,564 - HandGestureSystem - INFO - Click
2025-05-12 02:22:37,261 - HandGestureSystem - INFO - Click
2025-05-12 02:22:45,481 - HandGestureSystem - INFO - Click
2025-05-12 02:22:49,839 - HandGestureSystem - INFO - Virtual mouse deactivated
