2025-05-12 02:15:00,110 - HandGestureSystem - INFO - Logging initialized
2025-05-12 02:15:00,111 - HandGestureSystem - INFO - Starting Hand Gesture Recognition System
2025-05-12 02:15:00,111 - HandGestureSystem - INFO - Starting diagnostic mode
2025-05-12 02:15:00,842 - HandGestureSystem - INFO - Camera resolution: 640.0x480.0
2025-05-12 02:15:01,229 - HandGestureSystem - INFO - MediaPipe test: Successful
2025-05-12 02:15:01,230 - HandGestureSystem - INFO - Average frame brightness: 96.63/255
2025-05-12 02:15:01,369 - HandGestureSystem - INFO - Frame preprocessing test: Successful
2025-05-12 02:15:01,370 - HandGestureSystem - INFO - Skin detection: 11.81% of frame identified as skin
2025-05-12 02:15:01,682 - HandGestureSystem - INFO - Diagnostic test completed
2025-05-12 02:15:12,801 - HandGestureSystem - INFO - Virtual mouse activated
2025-05-12 02:15:13,118 - HandGestureSystem - ERROR - Action mapping error: unsupported operand type(s) for -: 'float' and 'NoneType'
2025-05-12 02:15:13,174 - HandGestureSystem - ERROR - Action mapping error: unsupported operand type(s) for -: 'float' and 'NoneType'
2025-05-12 02:15:13,236 - HandGestureSystem - ERROR - Action mapping error: unsupported operand type(s) for -: 'float' and 'NoneType'
2025-05-12 02:15:13,295 - HandGestureSystem - ERROR - Action mapping error: unsupported operand type(s) for -: 'float' and 'NoneType'
2025-05-12 02:15:13,348 - HandGestureSystem - ERROR - Action mapping error: unsupported operand type(s) for -: 'float' and 'NoneType'
2025-05-12 02:15:13,406 - HandGestureSystem - ERROR - Action mapping error: unsupported operand type(s) for -: 'float' and 'NoneType'
2025-05-12 02:15:13,465 - HandGestureSystem - ERROR - Action mapping error: unsupported operand type(s) for -: 'float' and 'NoneType'
2025-05-12 02:15:13,526 - HandGestureSystem - ERROR - Action mapping error: unsupported operand type(s) for -: 'float' and 'NoneType'
2025-05-12 02:15:13,589 - HandGestureSystem - ERROR - Action mapping error: unsupported operand type(s) for -: 'float' and 'NoneType'
2025-05-12 02:15:13,645 - HandGestureSystem - ERROR - Action mapping error: unsupported operand type(s) for -: 'float' and 'NoneType'
2025-05-12 02:15:13,710 - HandGestureSystem - ERROR - Action mapping error: unsupported operand type(s) for -: 'float' and 'NoneType'
2025-05-12 02:15:13,762 - HandGestureSystem - ERROR - Action mapping error: unsupported operand type(s) for -: 'float' and 'NoneType'
2025-05-12 02:15:13,817 - HandGestureSystem - ERROR - Action mapping error: unsupported operand type(s) for -: 'float' and 'NoneType'
2025-05-12 02:15:13,878 - HandGestureSystem - ERROR - Action mapping error: unsupported operand type(s) for -: 'float' and 'NoneType'
2025-05-12 02:15:13,933 - HandGestureSystem - ERROR - Action mapping error: unsupported operand type(s) for -: 'float' and 'NoneType'
2025-05-12 02:15:13,989 - HandGestureSystem - ERROR - Action mapping error: unsupported operand type(s) for -: 'float' and 'NoneType'
2025-05-12 02:15:14,050 - HandGestureSystem - ERROR - Action mapping error: unsupported operand type(s) for -: 'float' and 'NoneType'
2025-05-12 02:15:14,110 - HandGestureSystem - ERROR - Action mapping error: unsupported operand type(s) for -: 'float' and 'NoneType'
2025-05-12 02:15:14,165 - HandGestureSystem - ERROR - Action mapping error: unsupported operand type(s) for -: 'float' and 'NoneType'
2025-05-12 02:15:14,222 - HandGestureSystem - ERROR - Action mapping error: unsupported operand type(s) for -: 'float' and 'NoneType'
2025-05-12 02:15:14,278 - HandGestureSystem - ERROR - Action mapping error: unsupported operand type(s) for -: 'float' and 'NoneType'
2025-05-12 02:15:14,336 - HandGestureSystem - ERROR - Action mapping error: unsupported operand type(s) for -: 'float' and 'NoneType'
2025-05-12 02:15:14,393 - HandGestureSystem - ERROR - Action mapping error: unsupported operand type(s) for -: 'float' and 'NoneType'
2025-05-12 02:15:14,455 - HandGestureSystem - ERROR - Action mapping error: unsupported operand type(s) for -: 'float' and 'NoneType'
2025-05-12 02:15:14,513 - HandGestureSystem - ERROR - Action mapping error: unsupported operand type(s) for -: 'float' and 'NoneType'
2025-05-12 02:15:14,573 - HandGestureSystem - ERROR - Action mapping error: unsupported operand type(s) for -: 'float' and 'NoneType'
2025-05-12 02:15:14,629 - HandGestureSystem - ERROR - Action mapping error: unsupported operand type(s) for -: 'float' and 'NoneType'
2025-05-12 02:15:14,684 - HandGestureSystem - ERROR - Action mapping error: unsupported operand type(s) for -: 'float' and 'NoneType'
2025-05-12 02:15:14,745 - HandGestureSystem - ERROR - Action mapping error: unsupported operand type(s) for -: 'float' and 'NoneType'
2025-05-12 02:15:14,806 - HandGestureSystem - ERROR - Action mapping error: unsupported operand type(s) for -: 'float' and 'NoneType'
2025-05-12 02:15:14,869 - HandGestureSystem - ERROR - Action mapping error: unsupported operand type(s) for -: 'float' and 'NoneType'
2025-05-12 02:15:14,923 - HandGestureSystem - ERROR - Action mapping error: unsupported operand type(s) for -: 'float' and 'NoneType'
2025-05-12 02:15:14,988 - HandGestureSystem - ERROR - Action mapping error: unsupported operand type(s) for -: 'float' and 'NoneType'
2025-05-12 02:15:15,042 - HandGestureSystem - ERROR - Action mapping error: unsupported operand type(s) for -: 'float' and 'NoneType'
2025-05-12 02:15:15,101 - HandGestureSystem - ERROR - Action mapping error: unsupported operand type(s) for -: 'float' and 'NoneType'
2025-05-12 02:15:15,159 - HandGestureSystem - ERROR - Action mapping error: unsupported operand type(s) for -: 'float' and 'NoneType'
2025-05-12 02:15:15,215 - HandGestureSystem - ERROR - Action mapping error: unsupported operand type(s) for -: 'float' and 'NoneType'
2025-05-12 02:15:15,275 - HandGestureSystem - ERROR - Action mapping error: unsupported operand type(s) for -: 'float' and 'NoneType'
2025-05-12 02:15:15,328 - HandGestureSystem - ERROR - Action mapping error: unsupported operand type(s) for -: 'float' and 'NoneType'
2025-05-12 02:15:15,394 - HandGestureSystem - ERROR - Action mapping error: unsupported operand type(s) for -: 'float' and 'NoneType'
2025-05-12 02:15:15,452 - HandGestureSystem - ERROR - Action mapping error: unsupported operand type(s) for -: 'float' and 'NoneType'
2025-05-12 02:15:15,514 - HandGestureSystem - ERROR - Action mapping error: unsupported operand type(s) for -: 'float' and 'NoneType'
2025-05-12 02:15:15,570 - HandGestureSystem - ERROR - Action mapping error: unsupported operand type(s) for -: 'float' and 'NoneType'
2025-05-12 02:15:15,627 - HandGestureSystem - ERROR - Action mapping error: unsupported operand type(s) for -: 'float' and 'NoneType'
2025-05-12 02:15:15,687 - HandGestureSystem - ERROR - Action mapping error: unsupported operand type(s) for -: 'float' and 'NoneType'
2025-05-12 02:15:15,747 - HandGestureSystem - ERROR - Action mapping error: unsupported operand type(s) for -: 'float' and 'NoneType'
2025-05-12 02:15:15,803 - HandGestureSystem - ERROR - Action mapping error: unsupported operand type(s) for -: 'float' and 'NoneType'
2025-05-12 02:15:15,860 - HandGestureSystem - ERROR - Action mapping error: unsupported operand type(s) for -: 'float' and 'NoneType'
2025-05-12 02:15:15,921 - HandGestureSystem - ERROR - Action mapping error: unsupported operand type(s) for -: 'float' and 'NoneType'
2025-05-12 02:15:15,980 - HandGestureSystem - ERROR - Action mapping error: unsupported operand type(s) for -: 'float' and 'NoneType'
2025-05-12 02:15:16,044 - HandGestureSystem - ERROR - Action mapping error: unsupported operand type(s) for -: 'float' and 'NoneType'
2025-05-12 02:15:16,103 - HandGestureSystem - ERROR - Action mapping error: unsupported operand type(s) for -: 'float' and 'NoneType'
2025-05-12 02:15:16,166 - HandGestureSystem - ERROR - Action mapping error: unsupported operand type(s) for -: 'float' and 'NoneType'
2025-05-12 02:15:16,220 - HandGestureSystem - ERROR - Action mapping error: unsupported operand type(s) for -: 'float' and 'NoneType'
2025-05-12 02:15:16,272 - HandGestureSystem - ERROR - Action mapping error: unsupported operand type(s) for -: 'float' and 'NoneType'
2025-05-12 02:15:16,333 - HandGestureSystem - ERROR - Action mapping error: unsupported operand type(s) for -: 'float' and 'NoneType'
2025-05-12 02:15:16,388 - HandGestureSystem - ERROR - Action mapping error: unsupported operand type(s) for -: 'float' and 'NoneType'
2025-05-12 02:15:16,446 - HandGestureSystem - ERROR - Action mapping error: unsupported operand type(s) for -: 'float' and 'NoneType'
2025-05-12 02:15:16,505 - HandGestureSystem - ERROR - Action mapping error: unsupported operand type(s) for -: 'float' and 'NoneType'
2025-05-12 02:15:16,564 - HandGestureSystem - ERROR - Action mapping error: unsupported operand type(s) for -: 'float' and 'NoneType'
2025-05-12 02:15:16,624 - HandGestureSystem - ERROR - Action mapping error: unsupported operand type(s) for -: 'float' and 'NoneType'
2025-05-12 02:15:16,680 - HandGestureSystem - ERROR - Action mapping error: unsupported operand type(s) for -: 'float' and 'NoneType'
2025-05-12 02:15:16,734 - HandGestureSystem - ERROR - Action mapping error: unsupported operand type(s) for -: 'float' and 'NoneType'
2025-05-12 02:15:16,789 - HandGestureSystem - ERROR - Action mapping error: unsupported operand type(s) for -: 'float' and 'NoneType'
2025-05-12 02:15:16,841 - HandGestureSystem - ERROR - Action mapping error: unsupported operand type(s) for -: 'float' and 'NoneType'
2025-05-12 02:15:16,903 - HandGestureSystem - ERROR - Action mapping error: unsupported operand type(s) for -: 'float' and 'NoneType'
2025-05-12 02:15:16,958 - HandGestureSystem - ERROR - Action mapping error: unsupported operand type(s) for -: 'float' and 'NoneType'
2025-05-12 02:15:17,015 - HandGestureSystem - ERROR - Action mapping error: unsupported operand type(s) for -: 'float' and 'NoneType'
2025-05-12 02:15:17,073 - HandGestureSystem - ERROR - Action mapping error: unsupported operand type(s) for -: 'float' and 'NoneType'
2025-05-12 02:15:17,794 - HandGestureSystem - ERROR - Action mapping error: unsupported operand type(s) for -: 'float' and 'NoneType'
2025-05-12 02:15:17,847 - HandGestureSystem - ERROR - Action mapping error: unsupported operand type(s) for -: 'float' and 'NoneType'
2025-05-12 02:15:17,901 - HandGestureSystem - ERROR - Action mapping error: unsupported operand type(s) for -: 'float' and 'NoneType'
2025-05-12 02:15:17,965 - HandGestureSystem - ERROR - Action mapping error: unsupported operand type(s) for -: 'float' and 'NoneType'
2025-05-12 02:15:18,021 - HandGestureSystem - ERROR - Action mapping error: unsupported operand type(s) for -: 'float' and 'NoneType'
2025-05-12 02:15:18,081 - HandGestureSystem - ERROR - Action mapping error: unsupported operand type(s) for -: 'float' and 'NoneType'
2025-05-12 02:15:18,134 - HandGestureSystem - ERROR - Action mapping error: unsupported operand type(s) for -: 'float' and 'NoneType'
2025-05-12 02:15:18,192 - HandGestureSystem - ERROR - Action mapping error: unsupported operand type(s) for -: 'float' and 'NoneType'
2025-05-12 02:15:18,252 - HandGestureSystem - ERROR - Action mapping error: unsupported operand type(s) for -: 'float' and 'NoneType'
2025-05-12 02:15:18,314 - HandGestureSystem - ERROR - Action mapping error: unsupported operand type(s) for -: 'float' and 'NoneType'
2025-05-12 02:15:18,373 - HandGestureSystem - ERROR - Action mapping error: unsupported operand type(s) for -: 'float' and 'NoneType'
2025-05-12 02:15:18,439 - HandGestureSystem - ERROR - Action mapping error: unsupported operand type(s) for -: 'float' and 'NoneType'
2025-05-12 02:15:18,493 - HandGestureSystem - ERROR - Action mapping error: unsupported operand type(s) for -: 'float' and 'NoneType'
2025-05-12 02:15:18,555 - HandGestureSystem - ERROR - Action mapping error: unsupported operand type(s) for -: 'float' and 'NoneType'
2025-05-12 02:15:18,605 - HandGestureSystem - ERROR - Action mapping error: unsupported operand type(s) for -: 'float' and 'NoneType'
2025-05-12 02:15:18,666 - HandGestureSystem - ERROR - Action mapping error: unsupported operand type(s) for -: 'float' and 'NoneType'
2025-05-12 02:15:18,727 - HandGestureSystem - ERROR - Action mapping error: unsupported operand type(s) for -: 'float' and 'NoneType'
2025-05-12 02:15:18,784 - HandGestureSystem - ERROR - Action mapping error: unsupported operand type(s) for -: 'float' and 'NoneType'
2025-05-12 02:15:18,846 - HandGestureSystem - ERROR - Action mapping error: unsupported operand type(s) for -: 'float' and 'NoneType'
2025-05-12 02:15:18,900 - HandGestureSystem - ERROR - Action mapping error: unsupported operand type(s) for -: 'float' and 'NoneType'
2025-05-12 02:15:18,955 - HandGestureSystem - ERROR - Action mapping error: unsupported operand type(s) for -: 'float' and 'NoneType'
2025-05-12 02:15:19,035 - HandGestureSystem - ERROR - Action mapping error: unsupported operand type(s) for -: 'float' and 'NoneType'
2025-05-12 02:15:19,097 - HandGestureSystem - ERROR - Action mapping error: unsupported operand type(s) for -: 'float' and 'NoneType'
2025-05-12 02:15:19,155 - HandGestureSystem - ERROR - Action mapping error: unsupported operand type(s) for -: 'float' and 'NoneType'
2025-05-12 02:15:19,213 - HandGestureSystem - ERROR - Action mapping error: unsupported operand type(s) for -: 'float' and 'NoneType'
2025-05-12 02:15:19,270 - HandGestureSystem - ERROR - Action mapping error: unsupported operand type(s) for -: 'float' and 'NoneType'
2025-05-12 02:15:19,326 - HandGestureSystem - ERROR - Action mapping error: unsupported operand type(s) for -: 'float' and 'NoneType'
2025-05-12 02:15:19,385 - HandGestureSystem - ERROR - Action mapping error: unsupported operand type(s) for -: 'float' and 'NoneType'
2025-05-12 02:15:19,440 - HandGestureSystem - ERROR - Action mapping error: unsupported operand type(s) for -: 'float' and 'NoneType'
2025-05-12 02:15:19,500 - HandGestureSystem - ERROR - Action mapping error: unsupported operand type(s) for -: 'float' and 'NoneType'
2025-05-12 02:15:19,557 - HandGestureSystem - ERROR - Action mapping error: unsupported operand type(s) for -: 'float' and 'NoneType'
2025-05-12 02:15:19,610 - HandGestureSystem - ERROR - Action mapping error: unsupported operand type(s) for -: 'float' and 'NoneType'
2025-05-12 02:15:19,665 - HandGestureSystem - ERROR - Action mapping error: unsupported operand type(s) for -: 'float' and 'NoneType'
2025-05-12 02:15:19,720 - HandGestureSystem - ERROR - Action mapping error: unsupported operand type(s) for -: 'float' and 'NoneType'
2025-05-12 02:15:19,777 - HandGestureSystem - ERROR - Action mapping error: unsupported operand type(s) for -: 'float' and 'NoneType'
2025-05-12 02:15:19,839 - HandGestureSystem - ERROR - Action mapping error: unsupported operand type(s) for -: 'float' and 'NoneType'
2025-05-12 02:15:19,900 - HandGestureSystem - ERROR - Action mapping error: unsupported operand type(s) for -: 'float' and 'NoneType'
2025-05-12 02:15:19,952 - HandGestureSystem - ERROR - Action mapping error: unsupported operand type(s) for -: 'float' and 'NoneType'
2025-05-12 02:15:20,013 - HandGestureSystem - ERROR - Action mapping error: unsupported operand type(s) for -: 'float' and 'NoneType'
2025-05-12 02:15:20,067 - HandGestureSystem - ERROR - Action mapping error: unsupported operand type(s) for -: 'float' and 'NoneType'
2025-05-12 02:15:20,123 - HandGestureSystem - ERROR - Action mapping error: unsupported operand type(s) for -: 'float' and 'NoneType'
2025-05-12 02:15:20,179 - HandGestureSystem - ERROR - Action mapping error: unsupported operand type(s) for -: 'float' and 'NoneType'
2025-05-12 02:15:20,234 - HandGestureSystem - ERROR - Action mapping error: unsupported operand type(s) for -: 'float' and 'NoneType'
2025-05-12 02:15:20,291 - HandGestureSystem - ERROR - Action mapping error: unsupported operand type(s) for -: 'float' and 'NoneType'
2025-05-12 02:15:20,348 - HandGestureSystem - ERROR - Action mapping error: unsupported operand type(s) for -: 'float' and 'NoneType'
2025-05-12 02:15:20,406 - HandGestureSystem - ERROR - Action mapping error: unsupported operand type(s) for -: 'float' and 'NoneType'
2025-05-12 02:15:20,464 - HandGestureSystem - ERROR - Action mapping error: unsupported operand type(s) for -: 'float' and 'NoneType'
2025-05-12 02:15:20,521 - HandGestureSystem - ERROR - Action mapping error: unsupported operand type(s) for -: 'float' and 'NoneType'
2025-05-12 02:15:20,579 - HandGestureSystem - ERROR - Action mapping error: unsupported operand type(s) for -: 'float' and 'NoneType'
2025-05-12 02:15:20,637 - HandGestureSystem - ERROR - Action mapping error: unsupported operand type(s) for -: 'float' and 'NoneType'
2025-05-12 02:15:20,699 - HandGestureSystem - ERROR - Action mapping error: unsupported operand type(s) for -: 'float' and 'NoneType'
2025-05-12 02:15:20,754 - HandGestureSystem - ERROR - Action mapping error: unsupported operand type(s) for -: 'float' and 'NoneType'
2025-05-12 02:15:20,815 - HandGestureSystem - ERROR - Action mapping error: unsupported operand type(s) for -: 'float' and 'NoneType'
2025-05-12 02:15:20,866 - HandGestureSystem - ERROR - Action mapping error: unsupported operand type(s) for -: 'float' and 'NoneType'
2025-05-12 02:15:20,922 - HandGestureSystem - ERROR - Action mapping error: unsupported operand type(s) for -: 'float' and 'NoneType'
2025-05-12 02:15:20,982 - HandGestureSystem - ERROR - Action mapping error: unsupported operand type(s) for -: 'float' and 'NoneType'
2025-05-12 02:15:21,035 - HandGestureSystem - ERROR - Action mapping error: unsupported operand type(s) for -: 'float' and 'NoneType'
2025-05-12 02:15:21,092 - HandGestureSystem - ERROR - Action mapping error: unsupported operand type(s) for -: 'float' and 'NoneType'
2025-05-12 02:15:21,152 - HandGestureSystem - ERROR - Action mapping error: unsupported operand type(s) for -: 'float' and 'NoneType'
2025-05-12 02:15:21,206 - HandGestureSystem - ERROR - Action mapping error: unsupported operand type(s) for -: 'float' and 'NoneType'
2025-05-12 02:15:21,269 - HandGestureSystem - ERROR - Action mapping error: unsupported operand type(s) for -: 'float' and 'NoneType'
2025-05-12 02:15:21,331 - HandGestureSystem - ERROR - Action mapping error: unsupported operand type(s) for -: 'float' and 'NoneType'
2025-05-12 02:15:21,390 - HandGestureSystem - ERROR - Action mapping error: unsupported operand type(s) for -: 'float' and 'NoneType'
2025-05-12 02:15:21,454 - HandGestureSystem - ERROR - Action mapping error: unsupported operand type(s) for -: 'float' and 'NoneType'
2025-05-12 02:15:21,517 - HandGestureSystem - ERROR - Action mapping error: unsupported operand type(s) for -: 'float' and 'NoneType'
2025-05-12 02:15:21,574 - HandGestureSystem - ERROR - Action mapping error: unsupported operand type(s) for -: 'float' and 'NoneType'
2025-05-12 02:15:21,631 - HandGestureSystem - ERROR - Action mapping error: unsupported operand type(s) for -: 'float' and 'NoneType'
2025-05-12 02:15:21,699 - HandGestureSystem - ERROR - Action mapping error: unsupported operand type(s) for -: 'float' and 'NoneType'
2025-05-12 02:15:21,772 - HandGestureSystem - ERROR - Action mapping error: unsupported operand type(s) for -: 'float' and 'NoneType'
2025-05-12 02:15:23,206 - HandGestureSystem - ERROR - Action mapping error: unsupported operand type(s) for -: 'float' and 'NoneType'
2025-05-12 02:15:23,268 - HandGestureSystem - ERROR - Action mapping error: unsupported operand type(s) for -: 'float' and 'NoneType'
2025-05-12 02:15:23,326 - HandGestureSystem - ERROR - Action mapping error: unsupported operand type(s) for -: 'float' and 'NoneType'
2025-05-12 02:15:23,385 - HandGestureSystem - ERROR - Action mapping error: unsupported operand type(s) for -: 'float' and 'NoneType'
2025-05-12 02:15:23,445 - HandGestureSystem - ERROR - Action mapping error: unsupported operand type(s) for -: 'float' and 'NoneType'
2025-05-12 02:15:23,515 - HandGestureSystem - ERROR - Action mapping error: unsupported operand type(s) for -: 'float' and 'NoneType'
2025-05-12 02:15:23,581 - HandGestureSystem - ERROR - Action mapping error: unsupported operand type(s) for -: 'float' and 'NoneType'
2025-05-12 02:15:23,636 - HandGestureSystem - ERROR - Action mapping error: unsupported operand type(s) for -: 'float' and 'NoneType'
2025-05-12 02:15:23,695 - HandGestureSystem - ERROR - Action mapping error: unsupported operand type(s) for -: 'float' and 'NoneType'
2025-05-12 02:15:23,761 - HandGestureSystem - ERROR - Action mapping error: unsupported operand type(s) for -: 'float' and 'NoneType'
2025-05-12 02:15:23,825 - HandGestureSystem - ERROR - Action mapping error: unsupported operand type(s) for -: 'float' and 'NoneType'
2025-05-12 02:15:23,880 - HandGestureSystem - ERROR - Action mapping error: unsupported operand type(s) for -: 'float' and 'NoneType'
2025-05-12 02:15:23,942 - HandGestureSystem - ERROR - Action mapping error: unsupported operand type(s) for -: 'float' and 'NoneType'
2025-05-12 02:15:24,009 - HandGestureSystem - ERROR - Action mapping error: unsupported operand type(s) for -: 'float' and 'NoneType'
2025-05-12 02:15:24,070 - HandGestureSystem - ERROR - Action mapping error: unsupported operand type(s) for -: 'float' and 'NoneType'
2025-05-12 02:15:24,129 - HandGestureSystem - ERROR - Action mapping error: unsupported operand type(s) for -: 'float' and 'NoneType'
2025-05-12 02:15:24,191 - HandGestureSystem - ERROR - Action mapping error: unsupported operand type(s) for -: 'float' and 'NoneType'
2025-05-12 02:15:24,251 - HandGestureSystem - ERROR - Action mapping error: unsupported operand type(s) for -: 'float' and 'NoneType'
2025-05-12 02:15:24,311 - HandGestureSystem - ERROR - Action mapping error: unsupported operand type(s) for -: 'float' and 'NoneType'
2025-05-12 02:15:24,381 - HandGestureSystem - ERROR - Action mapping error: unsupported operand type(s) for -: 'float' and 'NoneType'
2025-05-12 02:15:24,438 - HandGestureSystem - ERROR - Action mapping error: unsupported operand type(s) for -: 'float' and 'NoneType'
2025-05-12 02:15:24,503 - HandGestureSystem - ERROR - Action mapping error: unsupported operand type(s) for -: 'float' and 'NoneType'
2025-05-12 02:15:24,559 - HandGestureSystem - ERROR - Action mapping error: unsupported operand type(s) for -: 'float' and 'NoneType'
2025-05-12 02:15:24,623 - HandGestureSystem - ERROR - Action mapping error: unsupported operand type(s) for -: 'float' and 'NoneType'
2025-05-12 02:15:24,689 - HandGestureSystem - ERROR - Action mapping error: unsupported operand type(s) for -: 'float' and 'NoneType'
2025-05-12 02:15:24,748 - HandGestureSystem - ERROR - Action mapping error: unsupported operand type(s) for -: 'float' and 'NoneType'
2025-05-12 02:15:24,805 - HandGestureSystem - ERROR - Action mapping error: unsupported operand type(s) for -: 'float' and 'NoneType'
2025-05-12 02:15:24,862 - HandGestureSystem - ERROR - Action mapping error: unsupported operand type(s) for -: 'float' and 'NoneType'
2025-05-12 02:15:24,920 - HandGestureSystem - ERROR - Action mapping error: unsupported operand type(s) for -: 'float' and 'NoneType'
2025-05-12 02:15:24,975 - HandGestureSystem - ERROR - Action mapping error: unsupported operand type(s) for -: 'float' and 'NoneType'
2025-05-12 02:15:25,044 - HandGestureSystem - ERROR - Action mapping error: unsupported operand type(s) for -: 'float' and 'NoneType'
2025-05-12 02:15:25,096 - HandGestureSystem - ERROR - Action mapping error: unsupported operand type(s) for -: 'float' and 'NoneType'
2025-05-12 02:15:25,151 - HandGestureSystem - ERROR - Action mapping error: unsupported operand type(s) for -: 'float' and 'NoneType'
2025-05-12 02:15:25,207 - HandGestureSystem - ERROR - Action mapping error: unsupported operand type(s) for -: 'float' and 'NoneType'
2025-05-12 02:15:25,261 - HandGestureSystem - ERROR - Action mapping error: unsupported operand type(s) for -: 'float' and 'NoneType'
2025-05-12 02:15:25,319 - HandGestureSystem - ERROR - Action mapping error: unsupported operand type(s) for -: 'float' and 'NoneType'
2025-05-12 02:15:25,384 - HandGestureSystem - ERROR - Action mapping error: unsupported operand type(s) for -: 'float' and 'NoneType'
2025-05-12 02:15:25,447 - HandGestureSystem - ERROR - Action mapping error: unsupported operand type(s) for -: 'float' and 'NoneType'
2025-05-12 02:15:25,517 - HandGestureSystem - ERROR - Action mapping error: unsupported operand type(s) for -: 'float' and 'NoneType'
2025-05-12 02:15:25,572 - HandGestureSystem - ERROR - Action mapping error: unsupported operand type(s) for -: 'float' and 'NoneType'
2025-05-12 02:15:25,645 - HandGestureSystem - ERROR - Action mapping error: unsupported operand type(s) for -: 'float' and 'NoneType'
2025-05-12 02:15:25,710 - HandGestureSystem - ERROR - Action mapping error: unsupported operand type(s) for -: 'float' and 'NoneType'
2025-05-12 02:15:25,770 - HandGestureSystem - ERROR - Action mapping error: unsupported operand type(s) for -: 'float' and 'NoneType'
2025-05-12 02:15:25,827 - HandGestureSystem - ERROR - Action mapping error: unsupported operand type(s) for -: 'float' and 'NoneType'
2025-05-12 02:15:25,887 - HandGestureSystem - ERROR - Action mapping error: unsupported operand type(s) for -: 'float' and 'NoneType'
2025-05-12 02:15:25,948 - HandGestureSystem - ERROR - Action mapping error: unsupported operand type(s) for -: 'float' and 'NoneType'
2025-05-12 02:15:26,006 - HandGestureSystem - ERROR - Action mapping error: unsupported operand type(s) for -: 'float' and 'NoneType'
2025-05-12 02:15:26,073 - HandGestureSystem - ERROR - Action mapping error: unsupported operand type(s) for -: 'float' and 'NoneType'
2025-05-12 02:15:26,128 - HandGestureSystem - ERROR - Action mapping error: unsupported operand type(s) for -: 'float' and 'NoneType'
2025-05-12 02:15:26,189 - HandGestureSystem - ERROR - Action mapping error: unsupported operand type(s) for -: 'float' and 'NoneType'
2025-05-12 02:15:26,247 - HandGestureSystem - ERROR - Action mapping error: unsupported operand type(s) for -: 'float' and 'NoneType'
2025-05-12 02:15:26,305 - HandGestureSystem - ERROR - Action mapping error: unsupported operand type(s) for -: 'float' and 'NoneType'
2025-05-12 02:15:26,370 - HandGestureSystem - ERROR - Action mapping error: unsupported operand type(s) for -: 'float' and 'NoneType'
2025-05-12 02:15:26,435 - HandGestureSystem - ERROR - Action mapping error: unsupported operand type(s) for -: 'float' and 'NoneType'
2025-05-12 02:15:26,494 - HandGestureSystem - ERROR - Action mapping error: unsupported operand type(s) for -: 'float' and 'NoneType'
2025-05-12 02:15:27,198 - HandGestureSystem - ERROR - Action mapping error: unsupported operand type(s) for -: 'float' and 'NoneType'
2025-05-12 02:15:27,258 - HandGestureSystem - ERROR - Action mapping error: unsupported operand type(s) for -: 'float' and 'NoneType'
2025-05-12 02:15:27,315 - HandGestureSystem - ERROR - Action mapping error: unsupported operand type(s) for -: 'float' and 'NoneType'
2025-05-12 02:15:27,372 - HandGestureSystem - ERROR - Action mapping error: unsupported operand type(s) for -: 'float' and 'NoneType'
2025-05-12 02:15:27,435 - HandGestureSystem - ERROR - Action mapping error: unsupported operand type(s) for -: 'float' and 'NoneType'
2025-05-12 02:15:27,489 - HandGestureSystem - ERROR - Action mapping error: unsupported operand type(s) for -: 'float' and 'NoneType'
2025-05-12 02:15:27,551 - HandGestureSystem - ERROR - Action mapping error: unsupported operand type(s) for -: 'float' and 'NoneType'
2025-05-12 02:15:27,616 - HandGestureSystem - ERROR - Action mapping error: unsupported operand type(s) for -: 'float' and 'NoneType'
2025-05-12 02:15:27,675 - HandGestureSystem - ERROR - Action mapping error: unsupported operand type(s) for -: 'float' and 'NoneType'
2025-05-12 02:15:41,982 - HandGestureSystem - INFO - Virtual mouse deactivated
